<?xml version="1.0" encoding="UTF-8"?>
<!-- Generated by org.testng.reporters.JUnitReportReporter -->
<testsuite skipped="0" hostname="Dell" name="com.demo.tests.DemoRestAssured" tests="1" failures="0" timestamp="06 Oct 2020 07:13:33 GMT" time="3.814" errors="0">
  <testcase name="demoRestAssured" time="3.814" classname="com.demo.tests.DemoRestAssured"/>
</testsuite> <!-- com.demo.tests.DemoRestAssured -->
