<?xml version="1.0" encoding="UTF-8"?>
<!-- Generated by org.testng.reporters.JUnitReportReporter -->
<testsuite skipped="0" hostname="Dell" name="com.demo.tests.APIDemoTest" tests="1" failures="0" timestamp="06 Oct 2020 09:37:13 GMT" time="4.095" errors="0">
  <testcase name="demoRestAssured" time="4.095" classname="com.demo.tests.APIDemoTest"/>
</testsuite> <!-- com.demo.tests.APIDemoTest -->
