<?xml version="1.0" encoding="UTF-8"?>
<!-- Generated by org.testng.reporters.JUnitReportReporter -->
<testsuite skipped="0" hostname="Dell" name="com.demo.tests.ReadExcel" tests="1" failures="0" timestamp="05 Oct 2020 15:49:36 GMT" time="3.972" errors="0">
  <testcase name="readExcel" time="3.972" classname="com.demo.tests.ReadExcel"/>
</testsuite> <!-- com.demo.tests.ReadExcel -->
